2026-03-12 20:53:08 | INFO     | ============================================================
2026-03-12 20:53:08 | INFO     | LOADING BLOOD PRESSURE DATASET
2026-03-12 20:53:08 | INFO     | ============================================================
2026-03-12 20:53:08 | INFO     | Generated 5000 patients | 21 features
2026-03-12 20:53:08 | INFO     | Systolic: 115.7 ą 10.5 mmHg
2026-03-12 20:53:08 | INFO     | Diastolic: 73.6 ą 7.6 mmHg
2026-03-12 20:53:08 | INFO     | ------------------------------------------------------------
2026-03-12 20:53:08 | INFO     | EDA + MULTICOLLINEARITY ANALYSIS
2026-03-12 20:53:08 | INFO     | ------------------------------------------------------------
2026-03-12 20:53:08 | INFO     | Saved: 01_targets.png
2026-03-12 20:53:09 | INFO     | Saved: 02_multicollinearity.png
2026-03-12 20:53:09 | INFO     |    VIF > 5 = moderate | VIF > 10 = severe multicollinearity

2026-03-12 20:53:09 | INFO     | Saved: 03_vif.png
2026-03-12 20:53:09 | INFO     | ------------------------------------------------------------
2026-03-12 20:53:09 | INFO     | PREPROCESSING
2026-03-12 20:53:09 | INFO     | ------------------------------------------------------------
2026-03-12 20:53:09 | INFO     | Train: 4000 | Test: 1000
2026-03-12 20:53:09 | INFO     | ============================================================
2026-03-12 20:53:09 | INFO     | REGRESSION SHOWDOWN  Systolic BP
2026-03-12 20:53:09 | INFO     | ============================================================
2026-03-12 20:53:14 | INFO     |   OLS:        RMSE=7.8995 | Coef range=[-1.13, 5.48]
2026-03-12 20:53:26 | INFO     |   Lasso:      RMSE=7.9061 | Zeroed: 2/21
2026-03-12 20:53:31 | INFO     | Saved: 04_coef_systolic.png
2026-03-12 20:53:31 | INFO     | ============================================================
2026-03-12 20:53:31 | INFO     | REGRESSION SHOWDOWN  Diastolic BP
2026-03-12 20:53:31 | INFO     | ============================================================
2026-03-12 20:53:31 | INFO     |   OLS:        RMSE=6.7666 | Coef range=[-0.69, 2.99]
2026-03-12 20:53:31 | INFO     |   Lasso:      RMSE=6.7673 | Zeroed: 1/21
2026-03-12 20:53:33 | INFO     | Saved: 04_coef_diastolic.png
2026-03-12 20:53:33 | INFO     | ============================================================
2026-03-12 20:53:33 | INFO     | GPU NEURAL NET  Multi-Output (device=cpu)
2026-03-12 20:53:33 | INFO     | ============================================================
2026-03-12 20:53:37 | INFO     |   Epoch  20 | Train=128.6337 | Val=89.7341
2026-03-12 20:53:39 | INFO     |   Early stop at epoch 34
2026-03-12 20:53:39 | INFO     |   Done in 4.2s | Best val MSE: 79.3872
2026-03-12 20:53:39 | INFO     | Saved: 05_nn_training.png
2026-03-12 20:53:39 | INFO     |   Models saved
2026-03-12 20:53:39 | INFO     | ============================================================
2026-03-12 20:53:39 | INFO     | EVALUATION ON TEST SET
2026-03-12 20:53:39 | INFO     | ============================================================
2026-03-12 20:53:39 | INFO     | 
============================================================
RESULTS
============================================================
2026-03-12 20:53:39 | INFO     |   Lasso (L1) (Dia)             | RMSE=6.480 | MAE=5.160 | Rē=0.2641
2026-03-12 20:53:39 | INFO     |   OLS (No Reg) (Dia)           | RMSE=6.481 | MAE=5.157 | Rē=0.2639
2026-03-12 20:53:39 | INFO     |   ElasticNet (Dia)             | RMSE=6.481 | MAE=5.160 | Rē=0.2638
2026-03-12 20:53:39 | INFO     |   Ridge (L2) (Dia)             | RMSE=6.485 | MAE=5.165 | Rē=0.2630
2026-03-12 20:53:39 | INFO     |   GPU NN (Dia)                 | RMSE=7.389 | MAE=5.977 | Rē=0.0431
2026-03-12 20:53:39 | INFO     |   Lasso (L1) (Sys)             | RMSE=7.886 | MAE=6.245 | Rē=0.4620
2026-03-12 20:53:39 | INFO     |   OLS (No Reg) (Sys)           | RMSE=7.887 | MAE=6.247 | Rē=0.4619
2026-03-12 20:53:39 | INFO     |   Ridge (L2) (Sys)             | RMSE=7.887 | MAE=6.247 | Rē=0.4618
2026-03-12 20:53:39 | INFO     |   ElasticNet (Sys)             | RMSE=7.889 | MAE=6.248 | Rē=0.4616
2026-03-12 20:53:39 | INFO     |   GPU NN (Sys)                 | RMSE=9.835 | MAE=7.759 | Rē=0.1633
2026-03-12 20:53:41 | INFO     | Saved: 06_predictions.png
2026-03-12 20:53:42 | INFO     | Saved: 07_ridge_path.png
