2026-03-11 19:53:10 | INFO     | ============================================================
2026-03-11 19:53:10 | INFO     | LOADING ICU MORTALITY DATASET
2026-03-11 19:53:10 | INFO     | ============================================================
2026-03-11 19:53:10 | INFO     | Generated 4200 ICU patients | 22 features | Target range: [0.000, 1.000]
2026-03-11 19:53:10 | INFO     | ------------------------------------------------------------
2026-03-11 19:53:10 | INFO     | EDA
2026-03-11 19:53:10 | INFO     | ------------------------------------------------------------
2026-03-11 19:53:10 | INFO     | Shape: (4200, 22) | Target: mean=0.482, std=0.216
2026-03-11 19:53:11 | INFO     | Saved: 01_eda.png
2026-03-11 19:53:11 | INFO     | ------------------------------------------------------------
2026-03-11 19:53:11 | INFO     | PREPROCESSING
2026-03-11 19:53:11 | INFO     | ------------------------------------------------------------
2026-03-11 19:53:11 | INFO     | Train: 3360 | Test: 840
2026-03-11 19:53:11 | INFO     | ============================================================
2026-03-11 19:53:11 | INFO     | POLYNOMIAL REGRESSION — Degree Comparison
2026-03-11 19:53:11 | INFO     | ============================================================
2026-03-11 19:53:17 | INFO     |   Degree 1:    22 features | CV RMSE=0.0401±0.0022 | R˛=0.9656 | 6.4s
2026-03-11 19:53:23 | INFO     |   Degree 2:   275 features | CV RMSE=0.0302±0.0011 | R˛=0.9805 | 6.1s
2026-03-11 19:53:25 | INFO     |   Degree 3:  2299 features | CV RMSE=0.0873±0.0033 | R˛=0.8371 | 1.5s
2026-03-11 19:53:25 | INFO     | Saved: 02_poly_comparison.png
2026-03-11 19:53:25 | INFO     | ============================================================
2026-03-11 19:53:25 | INFO     | GPU NEURAL NET REGRESSOR (device=cpu)
2026-03-11 19:53:25 | INFO     | ============================================================
2026-03-11 19:53:27 | INFO     |   Epoch   1/100 | Train: 0.36151 | Val: 0.10858
2026-03-11 19:53:28 | INFO     |   Epoch  10/100 | Train: 0.04473 | Val: 0.01412
2026-03-11 19:53:28 | INFO     |   Epoch  20/100 | Train: 0.02238 | Val: 0.00731
2026-03-11 19:53:29 | INFO     |   Epoch  30/100 | Train: 0.01241 | Val: 0.00605
2026-03-11 19:53:30 | INFO     |   Epoch  40/100 | Train: 0.00870 | Val: 0.00569
2026-03-11 19:53:30 | INFO     |   Epoch  50/100 | Train: 0.00642 | Val: 0.00438
2026-03-11 19:53:31 | INFO     |   Epoch  60/100 | Train: 0.00559 | Val: 0.00395
2026-03-11 19:53:32 | INFO     |   Epoch  70/100 | Train: 0.00512 | Val: 0.00293
2026-03-11 19:53:33 | INFO     |   Epoch  80/100 | Train: 0.00456 | Val: 0.00284
2026-03-11 19:53:33 | INFO     |   Early stop at epoch 84
2026-03-11 19:53:33 | INFO     |   Done in 6.1s | Best val MSE: 0.00245
2026-03-11 19:53:33 | INFO     | Saved: 03_nn_training.png
2026-03-11 19:53:33 | INFO     |   Saved: c:\60 Days\Day-11_Linear Regression + Polynomial Features\models/day11_models.joblib
2026-03-11 19:53:33 | INFO     | ============================================================
2026-03-11 19:53:33 | INFO     | EVALUATION ON TEST SET
2026-03-11 19:53:33 | INFO     | ============================================================
2026-03-11 19:53:33 | INFO     | 
============================================================
RANKINGS (by RMSE)
============================================================
2026-03-11 19:53:33 | INFO     |      Poly Degree 3 (Ridge)        | RMSE=0.0561 | R˛=0.9325 | MAE=0.0411
2026-03-11 19:53:34 | INFO     | Saved: 04_predictions.png
2026-03-11 19:53:34 | INFO     | Saved: 05_comparison.png
2026-03-11 19:53:35 | INFO     | Saved: 06_coefficients.png
2026-03-11 19:53:35 | INFO     | Results saved
2026-03-11 19:53:35 | INFO     | 
============================================================
2026-03-11 19:53:35 | INFO     |   Best: Poly Degree 2 (Ridge) | R˛=0.9829
2026-03-11 19:53:35 | INFO     | ============================================================
