2026-03-15 19:29:27 | INFO     | ============================================================
2026-03-15 19:29:27 | INFO     | LOADING DRUG REVIEW DATASET
2026-03-15 19:29:27 | INFO     | ============================================================
2026-03-15 19:29:28 | INFO     | Generated 6000 drug reviews | Rating range: [1, 10]
2026-03-15 19:29:28 | INFO     | Drugs: 25 unique | Conditions: 20 unique
2026-03-15 19:29:28 | INFO     | ------------------------------------------------------------
2026-03-15 19:29:28 | INFO     | EDA
2026-03-15 19:29:28 | INFO     | ------------------------------------------------------------
2026-03-15 19:29:28 | INFO     | Shape: (6000, 5)
2026-03-15 19:29:28 | INFO     | Rating: mean=6.84, median=8
2026-03-15 19:29:28 | INFO     | Review length: mean=342 chars
2026-03-15 19:29:29 | INFO     | Saved: 01_eda.png
2026-03-15 19:29:29 | INFO     | ------------------------------------------------------------
2026-03-15 19:29:29 | INFO     | TF-IDF FEATURE EXTRACTION
2026-03-15 19:29:29 | INFO     | ------------------------------------------------------------
2026-03-15 19:29:29 | INFO     | TF-IDF features: 5000 | Numeric: 5 | Total: 5005
2026-03-15 19:29:29 | INFO     | Train: (4800, 5005) | Test: (1200, 5005)
2026-03-15 19:29:29 | INFO     | Sparsity: 0.9860
2026-03-15 19:29:30 | INFO     | Saved: 02_tfidf_features.png
2026-03-15 19:29:30 | INFO     | ============================================================
2026-03-15 19:29:30 | INFO     | LASSO ALPHA SWEEP — L1 Feature Selection
2026-03-15 19:29:30 | INFO     | ============================================================
2026-03-15 19:30:17 | INFO     | Saved: 03_lasso_sweep.png
2026-03-15 19:30:17 | INFO     | ============================================================
2026-03-15 19:30:17 | INFO     | BASELINE MODELS
2026-03-15 19:30:17 | INFO     | ============================================================
2026-03-15 19:30:21 | INFO     | ============================================================
2026-03-15 19:30:21 | INFO     | GPU NEURAL NET (device=cpu)
2026-03-15 19:30:21 | INFO     | ============================================================
2026-03-15 19:30:28 | INFO     |   Epoch  10 | Train: 1.0012 | Val: 0.3177
2026-03-15 19:30:31 | INFO     |   Epoch  20 | Train: 0.6913 | Val: 0.1583
2026-03-15 19:30:35 | INFO     |   Epoch  30 | Train: 0.6122 | Val: 0.1127
2026-03-15 19:30:39 | INFO     |   Epoch  40 | Train: 0.6012 | Val: 0.0903
2026-03-15 19:30:42 | INFO     |   Epoch  50 | Train: 0.5083 | Val: 0.0846
2026-03-15 19:30:43 | INFO     |   Early stop at epoch 53
2026-03-15 19:30:43 | INFO     |   Done in 19.6s | Best val MSE: 0.0772
2026-03-15 19:30:44 | INFO     | Saved: 04_nn_training.png
2026-03-15 19:30:44 | INFO     |   Models saved
2026-03-15 19:30:44 | INFO     | ============================================================
2026-03-15 19:30:44 | INFO     | EVALUATION
2026-03-15 19:30:44 | INFO     | ============================================================
2026-03-15 19:30:44 | INFO     |       miracle                   coef = +3.0045
2026-03-15 19:30:44 | INFO     |       no                        coef = +2.7364
2026-03-15 19:30:44 | INFO     |       gone                      coef = +2.3924
2026-03-15 19:30:44 | INFO     |       life                      coef = +2.2030
2026-03-15 19:30:44 | INFO     |       excellent                 coef = +2.1235
2026-03-15 19:30:44 | INFO     |       recommend                 coef = +2.0773
2026-03-15 19:30:44 | INFO     |       amazing                   coef = +2.0761
2026-03-15 19:30:44 | INFO     |       perfect                   coef = +2.0508
2026-03-15 19:30:44 | INFO     |       tolerated                 coef = +2.0484
2026-03-15 19:30:44 | INFO     |       satisfied                 coef = +2.0264
2026-03-15 19:30:44 | INFO     |       gain                      coef = -3.8392
2026-03-15 19:30:44 | INFO     |       waste                     coef = -3.8325
2026-03-15 19:30:44 | INFO     |       miserable                 coef = -3.6961
2026-03-15 19:30:44 | INFO     |       painful                   coef = -3.5557
2026-03-15 19:30:44 | INFO     |       failed                    coef = -3.4946
2026-03-15 19:30:44 | INFO     |       terrible                  coef = -3.3380
2026-03-15 19:30:44 | INFO     |       fatigue                   coef = -3.2728
2026-03-15 19:30:44 | INFO     |       unbearable                coef = -3.2514
2026-03-15 19:30:44 | INFO     |       dizzy                     coef = -3.2496
2026-03-15 19:30:44 | INFO     |       toxic                     coef = -3.2430
2026-03-15 19:30:44 | INFO     | 
============================================================
RANKINGS
============================================================
2026-03-15 19:30:44 | INFO     | Saved: 05_predictions.png
2026-03-15 19:30:44 | INFO     | Saved: 06_comparison.png
