2026-03-07 22:17:07 | INFO     | Using XGBoost
2026-03-07 22:17:11 | INFO     | ============================================================
2026-03-07 22:17:11 | INFO     | LOADING STROKE PREDICTION DATASET
2026-03-07 22:17:11 | INFO     | ============================================================
2026-03-07 22:17:11 | INFO     | Generating realistic synthetic stroke dataset...
2026-03-07 22:17:11 | INFO     | Dataset shape: (5110, 11)
2026-03-07 22:17:11 | INFO     | ------------------------------------------------------------
2026-03-07 22:17:11 | INFO     | EXPLORATORY DATA ANALYSIS
2026-03-07 22:17:11 | INFO     | ------------------------------------------------------------
2026-03-07 22:17:11 | INFO     | Samples: 5110 | Features: 10
2026-03-07 22:17:11 | INFO     | Missing: 178 (0.32%)
2026-03-07 22:17:11 | INFO     |   Class 0: 4770 (93.3%)
2026-03-07 22:17:11 | INFO     |   Class 1: 340 (6.7%)
2026-03-07 22:17:12 | INFO     | Saved: 01_eda_overview.png
2026-03-07 22:17:12 | INFO     | Saved: 02_correlation.png
2026-03-07 22:17:12 | INFO     | ------------------------------------------------------------
2026-03-07 22:17:12 | INFO     | PREPROCESSING & SPLITTING
2026-03-07 22:17:12 | INFO     | ------------------------------------------------------------
2026-03-07 22:17:12 | INFO     | Encoded 5 categorical features
2026-03-07 22:17:12 | INFO     | Split: Train=4088 | Test=1022
2026-03-07 22:17:12 | INFO     |   Train stroke rate: 0.0665
2026-03-07 22:17:12 | INFO     |   Test stroke rate:  0.0665
2026-03-07 22:17:12 | INFO     | Imputed + scaled (fit on train only)
2026-03-07 22:17:12 | INFO     | ============================================================
2026-03-07 22:17:12 | INFO     | TRAINING: XGBoost with GridSearchCV
2026-03-07 22:17:12 | INFO     | ============================================================
2026-03-07 22:17:12 | INFO     |   Grid: 36 combos × 10-fold = 360 fits
2026-03-07 22:17:21 | INFO     |   Completed in 8.6s
2026-03-07 22:17:21 | INFO     |   Best params: {'learning_rate': 0.1, 'max_depth': 3, 'n_estimators': 200, 'scale_pos_weight': 1}
2026-03-07 22:17:21 | INFO     |   Best CV F1: 0.5479
2026-03-07 22:17:21 | INFO     | ============================================================
2026-03-07 22:17:21 | INFO     | SHAP INTERPRETABILITY ANALYSIS
2026-03-07 22:17:21 | INFO     | ============================================================
2026-03-07 22:17:21 | INFO     |   Computing SHAP values (TreeExplainer)...
2026-03-07 22:17:21 | INFO     |   Saved: 03_shap_summary.png
2026-03-07 22:17:21 | INFO     |   Saved: 04_shap_bar.png
2026-03-07 22:17:22 | INFO     |   Saved: 05_shap_dependence.png
2026-03-07 22:17:22 | INFO     | ============================================================
2026-03-07 22:17:22 | INFO     | TRAINING: Baselines
2026-03-07 22:17:22 | INFO     | ============================================================
2026-03-07 22:17:22 | INFO     |   Logistic Regression       | CV F1=0.3313 ± 0.0234 | 0.1s
2026-03-07 22:17:25 | INFO     |   Random Forest             | CV F1=0.4223 ± 0.1030 | 3.4s
2026-03-07 22:17:39 | INFO     |   SVM (RBF)                 | CV F1=0.4190 ± 0.0541 | 13.7s
2026-03-07 22:17:39 | INFO     |   Models saved: c:\60 Days\Day-07_XGBoost + SHAP\models/day07_all_models.joblib
2026-03-07 22:17:39 | INFO     | ============================================================
2026-03-07 22:17:39 | INFO     | EVALUATION ON TEST SET
2026-03-07 22:17:39 | INFO     | ============================================================
2026-03-07 22:17:40 | INFO     | 
  XGBoost (Tuned)
2026-03-07 22:17:40 | INFO     |     Acc=0.9618 | F1=0.6061 | Prec=0.9677 | Rec=0.4412 | AUC=0.8572 | AP=0.6125
2026-03-07 22:17:40 | INFO     | 
  Logistic Regression
2026-03-07 22:17:40 | INFO     |     Acc=0.8082 | F1=0.3333 | Prec=0.2168 | Rec=0.7206 | AUC=0.8484 | AP=0.5437
2026-03-07 22:17:43 | INFO     | 
  Random Forest
2026-03-07 22:17:43 | INFO     |     Acc=0.9511 | F1=0.4681 | Prec=0.8462 | Rec=0.3235 | AUC=0.8184 | AP=0.5373
2026-03-07 22:17:55 | INFO     | 
  SVM (RBF)
2026-03-07 22:17:55 | INFO     |     Acc=0.8885 | F1=0.4000 | Prec=0.3115 | Rec=0.5588 | AUC=0.7905 | AP=0.3971
2026-03-07 22:17:55 | INFO     | 
============================================================
RANKINGS (by F1 — critical for imbalanced data)
============================================================
2026-03-07 22:17:55 | INFO     |      Logistic Regression       | F1=0.3333 | Recall=0.7206
2026-03-07 22:17:56 | INFO     | Saved: 05_confusion_matrices.png
2026-03-07 22:17:56 | INFO     | Saved: 06_roc_pr_curves.png
2026-03-07 22:17:56 | INFO     | Saved: 07_model_comparison.png
2026-03-07 22:17:56 | INFO     | ============================================================
2026-03-07 22:17:56 | INFO     | ERROR ANALYSIS — XGBoost
2026-03-07 22:17:56 | INFO     | ============================================================
2026-03-07 22:17:56 | INFO     |   TP=30 | TN=953 | FP=1 | FN=38
2026-03-07 22:17:56 | INFO     |   False alarms (FP): 1 — unnecessary follow-ups
2026-03-07 22:17:56 | INFO     | 
              precision    recall  f1-score   support

   No Stroke     0.9617    0.9990    0.9799       954
      Stroke     0.9677    0.4412    0.6061        68

    accuracy                         0.9618      1022
   macro avg     0.9647    0.7201    0.7930      1022
weighted avg     0.9621    0.9618    0.9551      1022

2026-03-07 22:17:56 | INFO     | Results: c:\60 Days\Day-07_XGBoost + SHAP\outputs/day07_results.csv
2026-03-07 22:17:56 | INFO     | Report: c:\60 Days\Day-07_XGBoost + SHAP\outputs/day07_report.txt
2026-03-07 22:17:56 | INFO     | 
============================================================
2026-03-07 22:17:56 | INFO     | ============================================================
2026-03-07 22:17:56 | INFO     |   Runtime: 45.2s
2026-03-07 22:17:56 | INFO     |   Best: XGBoost (Tuned) | F1=0.6061
2026-03-07 22:17:56 | INFO     | ============================================================
