2026-03-05 08:44:16 | INFO     | ============================================================
2026-03-05 08:44:16 | INFO     | LOADING UCI NEW THYROID DATASET
2026-03-05 08:44:16 | INFO     | ============================================================
2026-03-05 08:44:23 | WARNING  | OpenML fetch failed: Dataset new-thyroid with version 1 not found.
2026-03-05 08:44:23 | INFO     | Generating synthetic thyroid-like dataset as fallback...
2026-03-05 08:44:23 | INFO     | Dataset shape: (215, 6)
2026-03-05 08:44:23 | INFO     | Features: ['T3_resin_uptake', 'Total_serum_thyroxin', 'Total_serum_triiodothyronine', 'TSH', 'Max_diff_TSH_after_TRH']
2026-03-05 08:44:23 | INFO     | Target: thyroid_class
2026-03-05 08:44:23 | INFO     | ------------------------------------------------------------
2026-03-05 08:44:23 | INFO     | EXPLORATORY DATA ANALYSIS
2026-03-05 08:44:23 | INFO     | ------------------------------------------------------------
2026-03-05 08:44:23 | INFO     | 
Dataset Info:
2026-03-05 08:44:23 | INFO     |   Total samples: 215
2026-03-05 08:44:23 | INFO     |   Features: 5
2026-03-05 08:44:23 | INFO     |   Missing values: 0
2026-03-05 08:44:23 | INFO     | 
Class Distribution:
2026-03-05 08:44:23 | INFO     |   Class 1: 150 samples (69.8%)
2026-03-05 08:44:23 | INFO     |   Class 2: 35 samples (16.3%)
2026-03-05 08:44:23 | INFO     |   Class 3: 30 samples (14.0%)
2026-03-05 08:44:23 | INFO     | 
Feature Statistics:
2026-03-05 08:44:23 | INFO     | 
       T3_resin_uptake  Total_serum_thyroxin  Total_serum_triiodothyronine         TSH  Max_diff_TSH_after_TRH
count       215.000000            215.000000                    215.000000  215.000000              215.000000
mean        110.607026             10.894504                      1.990206    3.236776                6.400151
std          15.165510              4.255576                      0.979385    5.360837                8.384735
min          77.409552              0.864181                      0.187480   -0.477316               -2.742217
25%          99.516550              8.229444                      1.382821    0.682669                1.540028
50%         109.838033             10.966136                      1.837047    1.337564                3.857636
75%         120.055903             12.994802                      2.384352    2.163897                6.554407
max         156.323821             21.340934                      5.955300   25.711352               36.812323
2026-03-05 08:44:24 | INFO     | Saved: 01_class_distribution.png
2026-03-05 08:44:24 | INFO     | Saved: 02_feature_boxplots.png
2026-03-05 08:44:25 | INFO     | Saved: 03_correlation_heatmap.png
2026-03-05 08:44:25 | INFO     | ------------------------------------------------------------
2026-03-05 08:44:25 | INFO     | PREPROCESSING & SPLITTING
2026-03-05 08:44:25 | INFO     | ------------------------------------------------------------
2026-03-05 08:44:25 | INFO     | Label mapping: {'1': np.int64(0), '2': np.int64(1), '3': np.int64(2)}
2026-03-05 08:44:25 | INFO     | 
Split sizes:
2026-03-05 08:44:25 | INFO     |   Training: 172 samples
2026-03-05 08:44:25 | INFO     |   Testing:  43 samples
2026-03-05 08:44:25 | INFO     |   Normal: Train=69.8% | Test=69.8%
2026-03-05 08:44:25 | INFO     |   Hyperthyroid: Train=16.3% | Test=16.3%
2026-03-05 08:44:25 | INFO     |   Hypothyroid: Train=14.0% | Test=14.0%
2026-03-05 08:44:25 | INFO     | 
Scaling applied (fit on train only):
2026-03-05 08:44:25 | INFO     | ============================================================
2026-03-05 08:44:25 | INFO     | TRAINING: Gaussian Naive Bayes (Baseline)
2026-03-05 08:44:25 | INFO     | ============================================================
2026-03-05 08:44:27 | INFO     |   Best var_smoothing: 1e-12
2026-03-05 08:44:27 | INFO     |   Best CV F1 (weighted): 1.0000
2026-03-05 08:44:27 | INFO     |   Training time: 2.611s
2026-03-05 08:44:27 | INFO     |   CV F1 scores: [1. 1. 1. 1. 1. 1. 1. 1. 1. 1.]
2026-03-05 08:44:27 | INFO     |   CV F1 mean ± std: 1.0000 ± 0.0000
2026-03-05 08:44:27 | INFO     | ============================================================
2026-03-05 08:44:27 | INFO     | TRAINING: Individual Classifiers for Ensemble
2026-03-05 08:44:27 | INFO     | ============================================================
2026-03-05 08:44:27 | INFO     | 
[1/4] Logistic Regression
2026-03-05 08:44:28 | INFO     |   Best C=10.0 | CV F1=0.9678 ± 0.0456
2026-03-05 08:44:28 | INFO     | 
[2/4] SVM (RBF kernel)
2026-03-05 08:44:28 | INFO     |   Best C=1.0 | CV F1=0.9813 ± 0.0287
2026-03-05 08:44:28 | INFO     | 
[3/4] Random Forest
2026-03-05 08:44:30 | INFO     |   Best params={'max_depth': 3, 'n_estimators': 50} | CV F1=0.9805 ± 0.0297
2026-03-05 08:44:30 | INFO     | 
[4/4] K-Nearest Neighbors
2026-03-05 08:44:30 | INFO     |   Best k=3 | CV F1=0.9757 ± 0.0299
2026-03-05 08:44:30 | INFO     | ============================================================
2026-03-05 08:44:30 | INFO     | TRAINING: Voting Ensemble Classifiers
2026-03-05 08:44:30 | INFO     | ============================================================
2026-03-05 08:44:30 | INFO     | 
[1/3] Hard Voting Ensemble
2026-03-05 08:44:31 | INFO     |   CV F1: 0.9734 ± 0.0457
2026-03-05 08:44:31 | INFO     | 
[2/3] Soft Voting Ensemble
2026-03-05 08:44:32 | INFO     |   CV F1: 0.9869 ± 0.0262
2026-03-05 08:44:32 | INFO     | 
[3/3] Weighted Soft Voting Ensemble
2026-03-05 08:44:33 | INFO     |   Weights: LR=0.248, SVM=0.251, RF=0.251, KNN=0.250
2026-03-05 08:44:34 | INFO     |   CV F1: 0.9869 ± 0.0262
2026-03-05 08:44:34 | INFO     | ------------------------------------------------------------
2026-03-05 08:44:34 | INFO     | SAVING MODELS
2026-03-05 08:44:34 | INFO     | ------------------------------------------------------------
2026-03-05 08:44:34 | INFO     |   All models saved to: c:\60 Days\Day-05 Logistic Regression, SVM (RBF), Random Forest, KNN\models/day05_all_models.joblib
2026-03-05 08:44:34 | INFO     | ============================================================
2026-03-05 08:44:34 | INFO     | EVALUATION ON HELD-OUT TEST SET
2026-03-05 08:44:34 | INFO     | ============================================================
2026-03-05 08:44:34 | INFO     |   Gaussian NB
2026-03-05 08:44:34 | INFO     |   Accuracy:       1.0000
2026-03-05 08:44:34 | INFO     |   F1 (weighted):  1.0000
2026-03-05 08:44:34 | INFO     |   F1 (macro):     1.0000
2026-03-05 08:44:34 | INFO     |   Precision:      1.0000
2026-03-05 08:44:34 | INFO     |   Recall:         1.0000
2026-03-05 08:44:34 | INFO     |   CV F1:          1.0000 ± 0.0000
2026-03-05 08:44:34 | INFO     |   Logistic Regression
2026-03-05 08:44:34 | INFO     |   Accuracy:       1.0000
2026-03-05 08:44:34 | INFO     |   F1 (weighted):  1.0000
2026-03-05 08:44:34 | INFO     |   F1 (macro):     1.0000
2026-03-05 08:44:34 | INFO     |   Precision:      1.0000
2026-03-05 08:44:34 | INFO     |   Recall:         1.0000
2026-03-05 08:44:34 | INFO     |   CV F1:          0.9678 ± 0.0456
2026-03-05 08:44:34 | INFO     |   SVM (RBF)
2026-03-05 08:44:34 | INFO     |   Accuracy:       1.0000
2026-03-05 08:44:34 | INFO     |   F1 (weighted):  1.0000
2026-03-05 08:44:34 | INFO     |   F1 (macro):     1.0000
2026-03-05 08:44:34 | INFO     |   Precision:      1.0000
2026-03-05 08:44:34 | INFO     |   Recall:         1.0000
2026-03-05 08:44:34 | INFO     |   CV F1:          0.9813 ± 0.0287
2026-03-05 08:44:34 | INFO     |   Random Forest
2026-03-05 08:44:34 | INFO     |   Accuracy:       0.9767
2026-03-05 08:44:34 | INFO     |   F1 (weighted):  0.9760
2026-03-05 08:44:34 | INFO     |   F1 (macro):     0.9689
2026-03-05 08:44:34 | INFO     |   Precision:      0.9775
2026-03-05 08:44:34 | INFO     |   Recall:         0.9767
2026-03-05 08:44:34 | INFO     |   CV F1:          0.9805 ± 0.0297
2026-03-05 08:44:34 | INFO     |   KNN
2026-03-05 08:44:34 | INFO     |   Accuracy:       1.0000
2026-03-05 08:44:34 | INFO     |   F1 (weighted):  1.0000
2026-03-05 08:44:34 | INFO     |   F1 (macro):     1.0000
2026-03-05 08:44:34 | INFO     |   Precision:      1.0000
2026-03-05 08:44:34 | INFO     |   Recall:         1.0000
2026-03-05 08:44:34 | INFO     |   CV F1:          0.9757 ± 0.0299
2026-03-05 08:44:34 | INFO     |   Hard Voting
2026-03-05 08:44:34 | INFO     |   Accuracy:       1.0000
2026-03-05 08:44:34 | INFO     |   F1 (weighted):  1.0000
2026-03-05 08:44:34 | INFO     |   F1 (macro):     1.0000
2026-03-05 08:44:34 | INFO     |   Precision:      1.0000
2026-03-05 08:44:34 | INFO     |   Recall:         1.0000
2026-03-05 08:44:34 | INFO     |   CV F1:          0.9734 ± 0.0457
2026-03-05 08:44:34 | INFO     |   Soft Voting
2026-03-05 08:44:34 | INFO     |   Accuracy:       1.0000
2026-03-05 08:44:34 | INFO     |   F1 (weighted):  1.0000
2026-03-05 08:44:34 | INFO     |   F1 (macro):     1.0000
2026-03-05 08:44:34 | INFO     |   Precision:      1.0000
2026-03-05 08:44:34 | INFO     |   Recall:         1.0000
2026-03-05 08:44:34 | INFO     |   CV F1:          0.9869 ± 0.0262
2026-03-05 08:44:34 | INFO     |   Weighted Voting
2026-03-05 08:44:34 | INFO     |   Accuracy:       1.0000
2026-03-05 08:44:34 | INFO     |   F1 (weighted):  1.0000
2026-03-05 08:44:34 | INFO     |   F1 (macro):     1.0000
2026-03-05 08:44:34 | INFO     |   Precision:      1.0000
2026-03-05 08:44:34 | INFO     |   Recall:         1.0000
2026-03-05 08:44:34 | INFO     |   CV F1:          0.9869 ± 0.0262
2026-03-05 08:44:34 | INFO     | 
============================================================
2026-03-05 08:44:34 | INFO     | FINAL RANKINGS (by Test F1 Weighted)
2026-03-05 08:44:34 | INFO     | ============================================================
2026-03-05 08:44:34 | INFO     |      KNN                       | F1=1.0000 | Acc=1.0000
2026-03-05 08:44:34 | INFO     |      Soft Voting               | F1=1.0000 | Acc=1.0000
2026-03-05 08:44:34 | INFO     |      Hard Voting               | F1=1.0000 | Acc=1.0000
2026-03-05 08:44:34 | INFO     |      Weighted Voting           | F1=1.0000 | Acc=1.0000
2026-03-05 08:44:34 | INFO     |      Random Forest             | F1=0.9760 | Acc=0.9767
2026-03-05 08:44:34 | INFO     | Generating confusion matrices...
2026-03-05 08:44:35 | INFO     | Saved: 04_confusion_matrices.png
2026-03-05 08:44:35 | INFO     | Generating model comparison chart...
2026-03-05 08:44:36 | INFO     | Saved: 05_model_comparison.png
2026-03-05 08:44:36 | INFO     | Generating ensemble advantage chart...
2026-03-05 08:44:36 | INFO     | Saved: 06_ensemble_advantage.png
2026-03-05 08:44:36 | INFO     | ------------------------------------------------------------
2026-03-05 08:44:36 | INFO     | VOTING AGREEMENT ANALYSIS
2026-03-05 08:44:36 | INFO     | ------------------------------------------------------------
2026-03-05 08:44:36 | INFO     |   Unanimous agreement (4/4): 42/43 (97.7%)
2026-03-05 08:44:36 | INFO     |   3/4 agreement:             1/43 (2.3%)
2026-03-05 08:44:36 | INFO     |   Split vote (2/2):          0/43 (0.0%)
2026-03-05 08:44:36 | INFO     |   Accuracy when 4/4 agree: 1.0000 (42 samples)
2026-03-05 08:44:36 | INFO     |   Accuracy when 3/4 agree: 1.0000 (1 samples)
2026-03-05 08:44:36 | INFO     | Saved: 07_voting_agreement.png
2026-03-05 08:44:36 | INFO     | ============================================================
2026-03-05 08:44:36 | INFO     | ERROR ANALYSIS — Gaussian NB
2026-03-05 08:44:36 | INFO     | ============================================================
2026-03-05 08:44:36 | INFO     |   Total misclassifications: 0/43 (0.0%)
2026-03-05 08:44:36 | INFO     |   Perfect classification on test set!
2026-03-05 08:44:36 | INFO     | Results saved to: c:\60 Days\Day-05 Logistic Regression, SVM (RBF), Random Forest, KNN\outputs/day05_results.csv
2026-03-05 08:44:36 | INFO     | Report saved to: c:\60 Days\Day-05 Logistic Regression, SVM (RBF), Random Forest, KNN\outputs/day05_report.txt
2026-03-05 08:44:36 | INFO     | 
============================================================
2026-03-05 08:44:36 | INFO     | DAY 5 COMPLETE
2026-03-05 08:44:36 | INFO     | ============================================================
2026-03-05 08:44:36 | INFO     |   Total runtime: 19.79s
2026-03-05 08:44:36 | INFO     |   Best model: Gaussian NB
2026-03-05 08:44:36 | INFO     |   Best F1 (weighted): 1.0000
2026-03-05 08:44:36 | INFO     |   Models saved to: c:\60 Days\Day-05 Logistic Regression, SVM (RBF), Random Forest, KNN\models/
2026-03-05 08:44:36 | INFO     |   Plots saved to:  c:\60 Days\Day-05 Logistic Regression, SVM (RBF), Random Forest, KNN\plots/
2026-03-05 08:44:36 | INFO     |   Report saved to: c:\60 Days\Day-05 Logistic Regression, SVM (RBF), Random Forest, KNN\outputs/
2026-03-05 08:44:36 | INFO     |   Log saved to:    c:\60 Days\Day-05 Logistic Regression, SVM (RBF), Random Forest, KNN\logs/day05_experiment.log
2026-03-05 08:44:36 | INFO     | ============================================================
